Start testing: Dec 11 20:41 Фінляндія (зима)
----------------------------------------------------------
1/1 Testing: unit_tests
1/1 Test: unit_tests
Command: "C:/Users/acer/Desktop/csad2526KI407KovalOleksandrVolodymyrovych9/build/Release/unit_tests.exe"
Directory: C:/Users/acer/Desktop/csad2526KI407KovalOleksandrVolodymyrovych9/build
"unit_tests" start time: Dec 11 20:41 Фінляндія (зима)
Output:
----------------------------------------------------------
[==========] Running 4 tests from 1 test suite.
[----------] Global test environment set-up.
[----------] 4 tests from AdditionTests
[ RUN      ] AdditionTests.PositiveNumbers
[       OK ] AdditionTests.PositiveNumbers (0 ms)
[ RUN      ] AdditionTests.NegativeNumbers
[       OK ] AdditionTests.NegativeNumbers (0 ms)
[ RUN      ] AdditionTests.AddZero
[       OK ] AdditionTests.AddZero (0 ms)
[ RUN      ] AdditionTests.LargeNumbers
[       OK ] AdditionTests.LargeNumbers (0 ms)
[----------] 4 tests from AdditionTests (0 ms total)

[----------] Global test environment tear-down
[==========] 4 tests from 1 test suite ran. (0 ms total)
[  PASSED  ] 4 tests.
<end of output>
Test time =   0.04 sec
----------------------------------------------------------
Test Passed.
"unit_tests" end time: Dec 11 20:41 Фінляндія (зима)
"unit_tests" time elapsed: 00:00:00
----------------------------------------------------------

End testing: Dec 11 20:41 Фінляндія (зима)
